Determining if the pthread_create exist failed with the following output:
Change Dir: /home/spring/문서/git/YOLOv2_SpringEdition/build/CMakeFiles/CMakeTmp

Run Build Command:"/usr/bin/make" "cmTC_ce1b4/fast"
/usr/bin/make -f CMakeFiles/cmTC_ce1b4.dir/build.make CMakeFiles/cmTC_ce1b4.dir/build
make[1]: 디렉터리 '/home/spring/Documents/git/YOLOv2_SpringEdition/build/CMakeFiles/CMakeTmp' 들어감
Building C object CMakeFiles/cmTC_ce1b4.dir/CheckSymbolExists.c.o
/usr/bin/cc    -fPIC    -o CMakeFiles/cmTC_ce1b4.dir/CheckSymbolExists.c.o   -c /home/spring/문서/git/YOLOv2_SpringEdition/build/CMakeFiles/CMakeTmp/CheckSymbolExists.c
Linking C executable cmTC_ce1b4
/usr/bin/cmake -E cmake_link_script CMakeFiles/cmTC_ce1b4.dir/link.txt --verbose=1
/usr/bin/cc  -fPIC     CMakeFiles/cmTC_ce1b4.dir/CheckSymbolExists.c.o  -o cmTC_ce1b4 
CMakeFiles/cmTC_ce1b4.dir/CheckSymbolExists.c.o: In function `main':
CheckSymbolExists.c:(.text+0x1b): undefined reference to `pthread_create'
collect2: error: ld returned 1 exit status
CMakeFiles/cmTC_ce1b4.dir/build.make:97: 'cmTC_ce1b4' 타겟에 대한 명령이 실패했습니다
make[1]: *** [cmTC_ce1b4] 오류 1
make[1]: 디렉터리 '/home/spring/Documents/git/YOLOv2_SpringEdition/build/CMakeFiles/CMakeTmp' 나감
Makefile:126: 'cmTC_ce1b4/fast' 타겟에 대한 명령이 실패했습니다
make: *** [cmTC_ce1b4/fast] 오류 2

File /home/spring/문서/git/YOLOv2_SpringEdition/build/CMakeFiles/CMakeTmp/CheckSymbolExists.c:
/* */
#include <pthread.h>

int main(int argc, char** argv)
{
  (void)argv;
#ifndef pthread_create
  return ((int*)(&pthread_create))[argc];
#else
  (void)argc;
  return 0;
#endif
}

Determining if the function pthread_create exists in the pthreads failed with the following output:
Change Dir: /home/spring/문서/git/YOLOv2_SpringEdition/build/CMakeFiles/CMakeTmp

Run Build Command:"/usr/bin/make" "cmTC_74113/fast"
/usr/bin/make -f CMakeFiles/cmTC_74113.dir/build.make CMakeFiles/cmTC_74113.dir/build
make[1]: 디렉터리 '/home/spring/Documents/git/YOLOv2_SpringEdition/build/CMakeFiles/CMakeTmp' 들어감
Building C object CMakeFiles/cmTC_74113.dir/CheckFunctionExists.c.o
/usr/bin/cc    -fPIC -DCHECK_FUNCTION_EXISTS=pthread_create   -o CMakeFiles/cmTC_74113.dir/CheckFunctionExists.c.o   -c /usr/share/cmake-3.5/Modules/CheckFunctionExists.c
Linking C executable cmTC_74113
/usr/bin/cmake -E cmake_link_script CMakeFiles/cmTC_74113.dir/link.txt --verbose=1
/usr/bin/cc  -fPIC -DCHECK_FUNCTION_EXISTS=pthread_create    CMakeFiles/cmTC_74113.dir/CheckFunctionExists.c.o  -o cmTC_74113 -lpthreads 
/usr/bin/ld: cannot find -lpthreads
collect2: error: ld returned 1 exit status
CMakeFiles/cmTC_74113.dir/build.make:97: 'cmTC_74113' 타겟에 대한 명령이 실패했습니다
make[1]: *** [cmTC_74113] 오류 1
make[1]: 디렉터리 '/home/spring/Documents/git/YOLOv2_SpringEdition/build/CMakeFiles/CMakeTmp' 나감
Makefile:126: 'cmTC_74113/fast' 타겟에 대한 명령이 실패했습니다
make: *** [cmTC_74113/fast] 오류 2


